<?xml version="1.0" encoding="utf-8" ?>
<!DOCTYPE html PUBLIC "-//W3C//DTD XHTML 1.0 Strict//EN"
        "http://www.w3.org/TR/xhtml1/DTD/xhtml1-strict.dtd">
<html xmlns="http://www.w3.org/1999/xhtml" xml:lang="" lang="">
<head>
  <title>Test Results Report - Run on FireFox browser</title>
  <meta http-equiv="Content-Type" content="text/html;charset=utf-8" />
  <meta name="description" content="TestNG unit test results." />
  <link href="reportng.css" rel="stylesheet" type="text/css" />
    <script type="text/javascript" src="reportng.js"></script>
</head>
<body>
<h1>Run on FireFox browser</h1>
<p>
  Test duration: 97,676s
</p>



  <table class="resultsTable">
    <tr><th colspan="3" class="header failed">Failed Tests</th></tr>
          <tr>
        <td colspan="3" class="group">com.liveguru.frontend.TestcaseForLiveGuru</td>
      </tr>
            
<tr>
  <td class="method">
                  TC_02_VerifyAccountInformation
      </td>
  <td class="duration">
    1,068s
  </td>
  <td class="result">
        
    
        

        <a href="javascript:toggleElement('exception-0', 'block')" title="Click to expand/collapse"><b>java.lang.AssertionError: expected [Tony] but found []</b></a><br />
    <div class="stackTrace" id="exception-0">
              org.testng.Assert.fail(Assert.java:94)<br />
              org.testng.Assert.failNotEquals(Assert.java:494)<br />
              org.testng.Assert.assertEquals(Assert.java:123)<br />
              org.testng.Assert.assertEquals(Assert.java:176)<br />
              org.testng.Assert.assertEquals(Assert.java:186)<br />
              com.liveguru.frontend.TestcaseForLiveGuru.TC_02_VerifyAccountInformation(TestcaseForLiveGuru.java:100)<br />
              sun.reflect.NativeMethodAccessorImpl.invoke0(Native Method)<br />
              sun.reflect.NativeMethodAccessorImpl.invoke(NativeMethodAccessorImpl.java:62)<br />
              sun.reflect.DelegatingMethodAccessorImpl.invoke(DelegatingMethodAccessorImpl.java:43)<br />
              java.lang.reflect.Method.invoke(Method.java:498)<br />
              org.testng.internal.MethodInvocationHelper.invokeMethod(MethodInvocationHelper.java:80)<br />
              org.testng.internal.Invoker.invokeMethod(Invoker.java:714)<br />
              org.testng.internal.Invoker.invokeTestMethod(Invoker.java:901)<br />
              org.testng.internal.Invoker.invokeTestMethods(Invoker.java:1231)<br />
              org.testng.internal.TestMethodWorker.invokeTestMethods(TestMethodWorker.java:127)<br />
              org.testng.internal.TestMethodWorker.run(TestMethodWorker.java:111)<br />
              org.testng.TestRunner.privateRun(TestRunner.java:767)<br />
              org.testng.TestRunner.run(TestRunner.java:617)<br />
              org.testng.SuiteRunner.runTest(SuiteRunner.java:334)<br />
              org.testng.SuiteRunner.runSequentially(SuiteRunner.java:329)<br />
              org.testng.SuiteRunner.privateRun(SuiteRunner.java:291)<br />
              org.testng.SuiteRunner.run(SuiteRunner.java:240)<br />
              org.testng.SuiteRunnerWorker.runSuite(SuiteRunnerWorker.java:52)<br />
              org.testng.SuiteRunnerWorker.run(SuiteRunnerWorker.java:86)<br />
              org.testng.TestNG.runSuitesSequentially(TestNG.java:1198)<br />
              org.testng.TestNG.runSuitesLocally(TestNG.java:1123)<br />
              org.testng.TestNG.run(TestNG.java:1031)<br />
              org.apache.maven.surefire.testng.TestNGExecutor.run(TestNGExecutor.java:283)<br />
              org.apache.maven.surefire.testng.TestNGXmlTestSuite.execute(TestNGXmlTestSuite.java:75)<br />
              org.apache.maven.surefire.testng.TestNGProvider.invoke(TestNGProvider.java:120)<br />
              org.apache.maven.surefire.booter.ForkedBooter.invokeProviderInSameClassLoader(ForkedBooter.java:384)<br />
              org.apache.maven.surefire.booter.ForkedBooter.runSuitesInProcess(ForkedBooter.java:345)<br />
              org.apache.maven.surefire.booter.ForkedBooter.execute(ForkedBooter.java:126)<br />
              org.apache.maven.surefire.booter.ForkedBooter.main(ForkedBooter.java:418)<br />
                </div>
      </td>
</tr>
<tr>
  <td class="method">
                  TC_04_VerifyDiscountCoupon
      </td>
  <td class="duration">
    4,441s
  </td>
  <td class="result">
        
    
        

        <a href="javascript:toggleElement('exception-1', 'block')" title="Click to expand/collapse"><b>java.lang.AssertionError: expected [$95.0] but found [$100.00]</b></a><br />
    <div class="stackTrace" id="exception-1">
              org.testng.Assert.fail(Assert.java:94)<br />
              org.testng.Assert.failNotEquals(Assert.java:494)<br />
              org.testng.Assert.assertEquals(Assert.java:123)<br />
              org.testng.Assert.assertEquals(Assert.java:176)<br />
              org.testng.Assert.assertEquals(Assert.java:186)<br />
              com.liveguru.frontend.TestcaseForLiveGuru.TC_04_VerifyDiscountCoupon(TestcaseForLiveGuru.java:129)<br />
              sun.reflect.NativeMethodAccessorImpl.invoke0(Native Method)<br />
              sun.reflect.NativeMethodAccessorImpl.invoke(NativeMethodAccessorImpl.java:62)<br />
              sun.reflect.DelegatingMethodAccessorImpl.invoke(DelegatingMethodAccessorImpl.java:43)<br />
              java.lang.reflect.Method.invoke(Method.java:498)<br />
              org.testng.internal.MethodInvocationHelper.invokeMethod(MethodInvocationHelper.java:80)<br />
              org.testng.internal.Invoker.invokeMethod(Invoker.java:714)<br />
              org.testng.internal.Invoker.invokeTestMethod(Invoker.java:901)<br />
              org.testng.internal.Invoker.invokeTestMethods(Invoker.java:1231)<br />
              org.testng.internal.TestMethodWorker.invokeTestMethods(TestMethodWorker.java:127)<br />
              org.testng.internal.TestMethodWorker.run(TestMethodWorker.java:111)<br />
              org.testng.TestRunner.privateRun(TestRunner.java:767)<br />
              org.testng.TestRunner.run(TestRunner.java:617)<br />
              org.testng.SuiteRunner.runTest(SuiteRunner.java:334)<br />
              org.testng.SuiteRunner.runSequentially(SuiteRunner.java:329)<br />
              org.testng.SuiteRunner.privateRun(SuiteRunner.java:291)<br />
              org.testng.SuiteRunner.run(SuiteRunner.java:240)<br />
              org.testng.SuiteRunnerWorker.runSuite(SuiteRunnerWorker.java:52)<br />
              org.testng.SuiteRunnerWorker.run(SuiteRunnerWorker.java:86)<br />
              org.testng.TestNG.runSuitesSequentially(TestNG.java:1198)<br />
              org.testng.TestNG.runSuitesLocally(TestNG.java:1123)<br />
              org.testng.TestNG.run(TestNG.java:1031)<br />
              org.apache.maven.surefire.testng.TestNGExecutor.run(TestNGExecutor.java:283)<br />
              org.apache.maven.surefire.testng.TestNGXmlTestSuite.execute(TestNGXmlTestSuite.java:75)<br />
              org.apache.maven.surefire.testng.TestNGProvider.invoke(TestNGProvider.java:120)<br />
              org.apache.maven.surefire.booter.ForkedBooter.invokeProviderInSameClassLoader(ForkedBooter.java:384)<br />
              org.apache.maven.surefire.booter.ForkedBooter.runSuitesInProcess(ForkedBooter.java:345)<br />
              org.apache.maven.surefire.booter.ForkedBooter.execute(ForkedBooter.java:126)<br />
              org.apache.maven.surefire.booter.ForkedBooter.main(ForkedBooter.java:418)<br />
                </div>
      </td>
</tr>
<tr>
  <td class="method">
                  TC_10_VerifySearch
      </td>
  <td class="duration">
    34,761s
  </td>
  <td class="result">
        
    
        

        <a href="javascript:toggleElement('exception-2', 'block')" title="Click to expand/collapse"><b>org.openqa.selenium.TimeoutException: Timed out after 30 seconds waiting for visibility of element located by By.xpath: //ul[@class=&apos;products-grid products-grid--max-4-col first last odd&apos;]//li[@class=&apos;item last&apos;]/div[@class=&apos;product-info&apos;]<br/>
Build info: version: &apos;2.53.1&apos;, revision: &apos;a36b8b1cd5757287168e54b817830adce9b0158d&apos;, time: &apos;2016-06-30 19:26:09&apos;<br/>
System info: host: &apos;DESKTOP-46N5C2F&apos;, ip: &apos;192.168.1.13&apos;, os.name: &apos;Windows 10&apos;, os.arch: &apos;amd64&apos;, os.version: &apos;10.0&apos;, java.version: &apos;1.8.0_211&apos;<br/>
Driver info: org.openqa.selenium.firefox.FirefoxDriver<br/>
Capabilities [{applicationCacheEnabled=true, rotatable=false, handlesAlerts=true, databaseEnabled=true, version=47.0.2, platform=WINDOWS, nativeEvents=false, acceptSslCerts=true, webStorageEnabled=true, locationContextEnabled=true, browserName=firefox, takesScreenshot=true, javascriptEnabled=true, cssSelectorsEnabled=true}]<br/>
Session ID: d32dd0a2-ba09-42d2-9e91-3a1c4ad09134</b></a><br />
    <div class="stackTrace" id="exception-2">
              org.openqa.selenium.support.ui.WebDriverWait.timeoutException(WebDriverWait.java:80)<br />
              org.openqa.selenium.support.ui.FluentWait.until(FluentWait.java:261)<br />
              commons.AbstractPages.waitToElementVisible(AbstractPages.java:336)<br />
              liveGuruPageObjects.SearchPageObject.verifySearch(SearchPageObject.java:18)<br />
              com.liveguru.frontend.TestcaseForLiveGuru.TC_10_VerifySearch(TestcaseForLiveGuru.java:237)<br />
              sun.reflect.NativeMethodAccessorImpl.invoke0(Native Method)<br />
              sun.reflect.NativeMethodAccessorImpl.invoke(NativeMethodAccessorImpl.java:62)<br />
              sun.reflect.DelegatingMethodAccessorImpl.invoke(DelegatingMethodAccessorImpl.java:43)<br />
              java.lang.reflect.Method.invoke(Method.java:498)<br />
              org.testng.internal.MethodInvocationHelper.invokeMethod(MethodInvocationHelper.java:80)<br />
              org.testng.internal.Invoker.invokeMethod(Invoker.java:714)<br />
              org.testng.internal.Invoker.invokeTestMethod(Invoker.java:901)<br />
              org.testng.internal.Invoker.invokeTestMethods(Invoker.java:1231)<br />
              org.testng.internal.TestMethodWorker.invokeTestMethods(TestMethodWorker.java:127)<br />
              org.testng.internal.TestMethodWorker.run(TestMethodWorker.java:111)<br />
              org.testng.TestRunner.privateRun(TestRunner.java:767)<br />
              org.testng.TestRunner.run(TestRunner.java:617)<br />
              org.testng.SuiteRunner.runTest(SuiteRunner.java:334)<br />
              org.testng.SuiteRunner.runSequentially(SuiteRunner.java:329)<br />
              org.testng.SuiteRunner.privateRun(SuiteRunner.java:291)<br />
              org.testng.SuiteRunner.run(SuiteRunner.java:240)<br />
              org.testng.SuiteRunnerWorker.runSuite(SuiteRunnerWorker.java:52)<br />
              org.testng.SuiteRunnerWorker.run(SuiteRunnerWorker.java:86)<br />
              org.testng.TestNG.runSuitesSequentially(TestNG.java:1198)<br />
              org.testng.TestNG.runSuitesLocally(TestNG.java:1123)<br />
              org.testng.TestNG.run(TestNG.java:1031)<br />
              org.apache.maven.surefire.testng.TestNGExecutor.run(TestNGExecutor.java:283)<br />
              org.apache.maven.surefire.testng.TestNGXmlTestSuite.execute(TestNGXmlTestSuite.java:75)<br />
              org.apache.maven.surefire.testng.TestNGProvider.invoke(TestNGProvider.java:120)<br />
              org.apache.maven.surefire.booter.ForkedBooter.invokeProviderInSameClassLoader(ForkedBooter.java:384)<br />
              org.apache.maven.surefire.booter.ForkedBooter.runSuitesInProcess(ForkedBooter.java:345)<br />
              org.apache.maven.surefire.booter.ForkedBooter.execute(ForkedBooter.java:126)<br />
              org.apache.maven.surefire.booter.ForkedBooter.main(ForkedBooter.java:418)<br />
                    <b>Caused by: </b> <a href="javascript:toggleElement('exception-3', 'block')" title="Click to expand/collapse">org.openqa.selenium.NoSuchElementException: Unable to locate element: {&quot;method&quot;:&quot;xpath&quot;,&quot;selector&quot;:&quot;//ul[@class=&apos;products-grid products-grid--max-4-col first last odd&apos;]//li[@class=&apos;item last&apos;]/div[@class=&apos;product-info&apos;]&quot;}<br/>
Command duration or timeout: 30.08 seconds<br/>
For documentation on this error, please visit: http://seleniumhq.org/exceptions/no_such_element.html<br/>
Build info: version: &apos;2.53.1&apos;, revision: &apos;a36b8b1cd5757287168e54b817830adce9b0158d&apos;, time: &apos;2016-06-30 19:26:09&apos;<br/>
System info: host: &apos;DESKTOP-46N5C2F&apos;, ip: &apos;192.168.1.13&apos;, os.name: &apos;Windows 10&apos;, os.arch: &apos;amd64&apos;, os.version: &apos;10.0&apos;, java.version: &apos;1.8.0_211&apos;<br/>
Driver info: org.openqa.selenium.firefox.FirefoxDriver<br/>
Capabilities [{applicationCacheEnabled=true, rotatable=false, handlesAlerts=true, databaseEnabled=true, version=47.0.2, platform=WINDOWS, nativeEvents=false, acceptSslCerts=true, webStorageEnabled=true, locationContextEnabled=true, browserName=firefox, takesScreenshot=true, javascriptEnabled=true, cssSelectorsEnabled=true}]<br/>
Session ID: d32dd0a2-ba09-42d2-9e91-3a1c4ad09134<br/>
*** Element info: {Using=xpath, value=//ul[@class=&apos;products-grid products-grid--max-4-col first last odd&apos;]//li[@class=&apos;item last&apos;]/div[@class=&apos;product-info&apos;]}</a><br />
        <div class="stackTrace" id="exception-3">
                      sun.reflect.NativeConstructorAccessorImpl.newInstance0(Native Method)<br />
                      sun.reflect.NativeConstructorAccessorImpl.newInstance(NativeConstructorAccessorImpl.java:62)<br />
                      sun.reflect.DelegatingConstructorAccessorImpl.newInstance(DelegatingConstructorAccessorImpl.java:45)<br />
                      java.lang.reflect.Constructor.newInstance(Constructor.java:423)<br />
                      org.openqa.selenium.remote.ErrorHandler.createThrowable(ErrorHandler.java:206)<br />
                      org.openqa.selenium.remote.ErrorHandler.throwIfResponseFailed(ErrorHandler.java:158)<br />
                      org.openqa.selenium.remote.RemoteWebDriver.execute(RemoteWebDriver.java:678)<br />
                      org.openqa.selenium.remote.RemoteWebDriver.findElement(RemoteWebDriver.java:363)<br />
                      org.openqa.selenium.remote.RemoteWebDriver.findElementByXPath(RemoteWebDriver.java:500)<br />
                      org.openqa.selenium.By$ByXPath.findElement(By.java:361)<br />
                      org.openqa.selenium.remote.RemoteWebDriver.findElement(RemoteWebDriver.java:355)<br />
                      org.openqa.selenium.support.ui.ExpectedConditions.findElement(ExpectedConditions.java:899)<br />
                      org.openqa.selenium.support.ui.ExpectedConditions.access$000(ExpectedConditions.java:41)<br />
                      org.openqa.selenium.support.ui.ExpectedConditions$7.apply(ExpectedConditions.java:205)<br />
                      org.openqa.selenium.support.ui.ExpectedConditions$7.apply(ExpectedConditions.java:201)<br />
                      org.openqa.selenium.support.ui.FluentWait.until(FluentWait.java:238)<br />
                      commons.AbstractPages.waitToElementVisible(AbstractPages.java:336)<br />
                      liveGuruPageObjects.SearchPageObject.verifySearch(SearchPageObject.java:18)<br />
                      com.liveguru.frontend.TestcaseForLiveGuru.TC_10_VerifySearch(TestcaseForLiveGuru.java:237)<br />
                      sun.reflect.NativeMethodAccessorImpl.invoke0(Native Method)<br />
                      sun.reflect.NativeMethodAccessorImpl.invoke(NativeMethodAccessorImpl.java:62)<br />
                      sun.reflect.DelegatingMethodAccessorImpl.invoke(DelegatingMethodAccessorImpl.java:43)<br />
                      java.lang.reflect.Method.invoke(Method.java:498)<br />
                      org.testng.internal.MethodInvocationHelper.invokeMethod(MethodInvocationHelper.java:80)<br />
                      org.testng.internal.Invoker.invokeMethod(Invoker.java:714)<br />
                      org.testng.internal.Invoker.invokeTestMethod(Invoker.java:901)<br />
                      org.testng.internal.Invoker.invokeTestMethods(Invoker.java:1231)<br />
                      org.testng.internal.TestMethodWorker.invokeTestMethods(TestMethodWorker.java:127)<br />
                      org.testng.internal.TestMethodWorker.run(TestMethodWorker.java:111)<br />
                      org.testng.TestRunner.privateRun(TestRunner.java:767)<br />
                      org.testng.TestRunner.run(TestRunner.java:617)<br />
                      org.testng.SuiteRunner.runTest(SuiteRunner.java:334)<br />
                      org.testng.SuiteRunner.runSequentially(SuiteRunner.java:329)<br />
                      org.testng.SuiteRunner.privateRun(SuiteRunner.java:291)<br />
                      org.testng.SuiteRunner.run(SuiteRunner.java:240)<br />
                      org.testng.SuiteRunnerWorker.runSuite(SuiteRunnerWorker.java:52)<br />
                      org.testng.SuiteRunnerWorker.run(SuiteRunnerWorker.java:86)<br />
                      org.testng.TestNG.runSuitesSequentially(TestNG.java:1198)<br />
                      org.testng.TestNG.runSuitesLocally(TestNG.java:1123)<br />
                      org.testng.TestNG.run(TestNG.java:1031)<br />
                      org.apache.maven.surefire.testng.TestNGExecutor.run(TestNGExecutor.java:283)<br />
                      org.apache.maven.surefire.testng.TestNGXmlTestSuite.execute(TestNGXmlTestSuite.java:75)<br />
                      org.apache.maven.surefire.testng.TestNGProvider.invoke(TestNGProvider.java:120)<br />
                      org.apache.maven.surefire.booter.ForkedBooter.invokeProviderInSameClassLoader(ForkedBooter.java:384)<br />
                      org.apache.maven.surefire.booter.ForkedBooter.runSuitesInProcess(ForkedBooter.java:345)<br />
                      org.apache.maven.surefire.booter.ForkedBooter.execute(ForkedBooter.java:126)<br />
                      org.apache.maven.surefire.booter.ForkedBooter.main(ForkedBooter.java:418)<br />
                  </div>
              <b>Caused by: </b> <a href="javascript:toggleElement('exception-4', 'block')" title="Click to expand/collapse">org.openqa.selenium.NoSuchElementException: Unable to locate element: {&quot;method&quot;:&quot;xpath&quot;,&quot;selector&quot;:&quot;//ul[@class=&apos;products-grid products-grid--max-4-col first last odd&apos;]//li[@class=&apos;item last&apos;]/div[@class=&apos;product-info&apos;]&quot;}<br/>
For documentation on this error, please visit: http://seleniumhq.org/exceptions/no_such_element.html<br/>
Build info: version: &apos;2.53.1&apos;, revision: &apos;a36b8b1cd5757287168e54b817830adce9b0158d&apos;, time: &apos;2016-06-30 19:26:09&apos;<br/>
System info: host: &apos;DESKTOP-46N5C2F&apos;, ip: &apos;192.168.1.13&apos;, os.name: &apos;Windows 10&apos;, os.arch: &apos;amd64&apos;, os.version: &apos;10.0&apos;, java.version: &apos;1.8.0_211&apos;<br/>
Driver info: driver.version: unknown</a><br />
        <div class="stackTrace" id="exception-4">
                      &lt;anonymous class&gt;.FirefoxDriver.prototype.findElementInternal_(file:///C:/Users/PC/AppData/Local/Temp/anonymous6807161829143723077webdriver-profile/extensions/fxdriver@googlecode.com/components/driver-component.js:10770)<br />
                      &lt;anonymous class&gt;.fxdriver.Timer.prototype.setTimeout/&lt;.notify(file:///C:/Users/PC/AppData/Local/Temp/anonymous6807161829143723077webdriver-profile/extensions/fxdriver@googlecode.com/components/driver-component.js:625)<br />
                  </div>
          </div>
      </td>
</tr>
      </table>


  <table class="resultsTable">
    <tr><th colspan="3" class="header passed">Passed Tests</th></tr>
          <tr>
        <td colspan="3" class="group">com.liveguru.frontend.TestcaseForLiveGuru</td>
      </tr>
            
<tr>
  <td class="method">
                  TC_01_RegisterToSystem
      </td>
  <td class="duration">
    4,175s
  </td>
  <td class="result">
        
    
        

      </td>
</tr>
<tr>
  <td class="method">
                  TC_03_VerifyCostOfProduct
      </td>
  <td class="duration">
    5,345s
  </td>
  <td class="result">
        
    
        

      </td>
</tr>
<tr>
  <td class="method">
                  TC_05_VerifyAddMore500Items
      </td>
  <td class="duration">
    4,597s
  </td>
  <td class="result">
        
    
        

      </td>
</tr>
<tr>
  <td class="method">
                  TC_06_VerifyCompareProduct
      </td>
  <td class="duration">
    10,920s
  </td>
  <td class="result">
        
    
        

      </td>
</tr>
<tr>
  <td class="method">
                  TC_07_VerifyShareWishlist
      </td>
  <td class="duration">
    5,598s
  </td>
  <td class="result">
        
    
        

      </td>
</tr>
<tr>
  <td class="method">
                  TC_08_VerifyAddReview
      </td>
  <td class="duration">
    8,628s
  </td>
  <td class="result">
        
    
        

      </td>
</tr>
      </table>
  
</body>
</html>
