<?xml version="1.0" encoding="UTF-8"?>
<testng-results skipped="0" failed="3" total="9" passed="6">
  <reporter-output>
  </reporter-output>
  <suite name="Live Guru 99" duration-ms="97722" started-at="2019-12-29T08:28:18Z" finished-at="2019-12-29T08:29:56Z">
    <groups>
    </groups>
    <test name="Run on FireFox browser" duration-ms="97722" started-at="2019-12-29T08:28:18Z" finished-at="2019-12-29T08:29:56Z">
      <class name="com.liveguru.frontend.TestcaseForLiveGuru">
        <test-method status="PASS" signature="beforeClass()[pri:0, instance:com.liveguru.frontend.TestcaseForLiveGuru@21a947fe]" name="beforeClass" is-config="true" duration-ms="17426" started-at="2019-12-29T15:28:18Z" finished-at="2019-12-29T15:28:36Z">
          <reporter-output>
          </reporter-output>
        </test-method> <!-- beforeClass -->
        <test-method status="PASS" signature="TC_01_RegisterToSystem()[pri:0, instance:com.liveguru.frontend.TestcaseForLiveGuru@21a947fe]" name="TC_01_RegisterToSystem" duration-ms="4175" started-at="2019-12-29T15:28:36Z" finished-at="2019-12-29T15:28:40Z">
          <reporter-output>
          </reporter-output>
        </test-method> <!-- TC_01_RegisterToSystem -->
        <test-method status="FAIL" signature="TC_02_VerifyAccountInformation()[pri:0, instance:com.liveguru.frontend.TestcaseForLiveGuru@21a947fe]" name="TC_02_VerifyAccountInformation" duration-ms="1068" started-at="2019-12-29T15:28:40Z" finished-at="2019-12-29T15:28:41Z">
          <exception class="java.lang.AssertionError">
            <message>
              <![CDATA[expected [Tony] but found []]]>
            </message>
            <full-stacktrace>
              <![CDATA[java.lang.AssertionError: expected [Tony] but found []
	at org.testng.Assert.fail(Assert.java:94)
	at org.testng.Assert.failNotEquals(Assert.java:494)
	at org.testng.Assert.assertEquals(Assert.java:123)
	at org.testng.Assert.assertEquals(Assert.java:176)
	at org.testng.Assert.assertEquals(Assert.java:186)
	at com.liveguru.frontend.TestcaseForLiveGuru.TC_02_VerifyAccountInformation(TestcaseForLiveGuru.java:100)
	at sun.reflect.NativeMethodAccessorImpl.invoke0(Native Method)
	at sun.reflect.NativeMethodAccessorImpl.invoke(NativeMethodAccessorImpl.java:62)
	at sun.reflect.DelegatingMethodAccessorImpl.invoke(DelegatingMethodAccessorImpl.java:43)
	at java.lang.reflect.Method.invoke(Method.java:498)
	at org.testng.internal.MethodInvocationHelper.invokeMethod(MethodInvocationHelper.java:80)
	at org.testng.internal.Invoker.invokeMethod(Invoker.java:714)
	at org.testng.internal.Invoker.invokeTestMethod(Invoker.java:901)
	at org.testng.internal.Invoker.invokeTestMethods(Invoker.java:1231)
	at org.testng.internal.TestMethodWorker.invokeTestMethods(TestMethodWorker.java:127)
	at org.testng.internal.TestMethodWorker.run(TestMethodWorker.java:111)
	at org.testng.TestRunner.privateRun(TestRunner.java:767)
	at org.testng.TestRunner.run(TestRunner.java:617)
	at org.testng.SuiteRunner.runTest(SuiteRunner.java:334)
	at org.testng.SuiteRunner.runSequentially(SuiteRunner.java:329)
	at org.testng.SuiteRunner.privateRun(SuiteRunner.java:291)
	at org.testng.SuiteRunner.run(SuiteRunner.java:240)
	at org.testng.SuiteRunnerWorker.runSuite(SuiteRunnerWorker.java:52)
	at org.testng.SuiteRunnerWorker.run(SuiteRunnerWorker.java:86)
	at org.testng.TestNG.runSuitesSequentially(TestNG.java:1198)
	at org.testng.TestNG.runSuitesLocally(TestNG.java:1123)
	at org.testng.TestNG.run(TestNG.java:1031)
	at org.apache.maven.surefire.testng.TestNGExecutor.run(TestNGExecutor.java:283)
	at org.apache.maven.surefire.testng.TestNGXmlTestSuite.execute(TestNGXmlTestSuite.java:75)
	at org.apache.maven.surefire.testng.TestNGProvider.invoke(TestNGProvider.java:120)
	at org.apache.maven.surefire.booter.ForkedBooter.invokeProviderInSameClassLoader(ForkedBooter.java:384)
	at org.apache.maven.surefire.booter.ForkedBooter.runSuitesInProcess(ForkedBooter.java:345)
	at org.apache.maven.surefire.booter.ForkedBooter.execute(ForkedBooter.java:126)
	at org.apache.maven.surefire.booter.ForkedBooter.main(ForkedBooter.java:418)
]]>
            </full-stacktrace>
          </exception> <!-- java.lang.AssertionError -->
          <reporter-output>
          </reporter-output>
        </test-method> <!-- TC_02_VerifyAccountInformation -->
        <test-method status="PASS" signature="TC_03_VerifyCostOfProduct()[pri:0, instance:com.liveguru.frontend.TestcaseForLiveGuru@21a947fe]" name="TC_03_VerifyCostOfProduct" duration-ms="5345" started-at="2019-12-29T15:28:41Z" finished-at="2019-12-29T15:28:46Z">
          <reporter-output>
          </reporter-output>
        </test-method> <!-- TC_03_VerifyCostOfProduct -->
        <test-method status="FAIL" signature="TC_04_VerifyDiscountCoupon()[pri:0, instance:com.liveguru.frontend.TestcaseForLiveGuru@21a947fe]" name="TC_04_VerifyDiscountCoupon" duration-ms="4441" started-at="2019-12-29T15:28:46Z" finished-at="2019-12-29T15:28:51Z">
          <exception class="java.lang.AssertionError">
            <message>
              <![CDATA[expected [$95.0] but found [$100.00]]]>
            </message>
            <full-stacktrace>
              <![CDATA[java.lang.AssertionError: expected [$95.0] but found [$100.00]
	at org.testng.Assert.fail(Assert.java:94)
	at org.testng.Assert.failNotEquals(Assert.java:494)
	at org.testng.Assert.assertEquals(Assert.java:123)
	at org.testng.Assert.assertEquals(Assert.java:176)
	at org.testng.Assert.assertEquals(Assert.java:186)
	at com.liveguru.frontend.TestcaseForLiveGuru.TC_04_VerifyDiscountCoupon(TestcaseForLiveGuru.java:129)
	at sun.reflect.NativeMethodAccessorImpl.invoke0(Native Method)
	at sun.reflect.NativeMethodAccessorImpl.invoke(NativeMethodAccessorImpl.java:62)
	at sun.reflect.DelegatingMethodAccessorImpl.invoke(DelegatingMethodAccessorImpl.java:43)
	at java.lang.reflect.Method.invoke(Method.java:498)
	at org.testng.internal.MethodInvocationHelper.invokeMethod(MethodInvocationHelper.java:80)
	at org.testng.internal.Invoker.invokeMethod(Invoker.java:714)
	at org.testng.internal.Invoker.invokeTestMethod(Invoker.java:901)
	at org.testng.internal.Invoker.invokeTestMethods(Invoker.java:1231)
	at org.testng.internal.TestMethodWorker.invokeTestMethods(TestMethodWorker.java:127)
	at org.testng.internal.TestMethodWorker.run(TestMethodWorker.java:111)
	at org.testng.TestRunner.privateRun(TestRunner.java:767)
	at org.testng.TestRunner.run(TestRunner.java:617)
	at org.testng.SuiteRunner.runTest(SuiteRunner.java:334)
	at org.testng.SuiteRunner.runSequentially(SuiteRunner.java:329)
	at org.testng.SuiteRunner.privateRun(SuiteRunner.java:291)
	at org.testng.SuiteRunner.run(SuiteRunner.java:240)
	at org.testng.SuiteRunnerWorker.runSuite(SuiteRunnerWorker.java:52)
	at org.testng.SuiteRunnerWorker.run(SuiteRunnerWorker.java:86)
	at org.testng.TestNG.runSuitesSequentially(TestNG.java:1198)
	at org.testng.TestNG.runSuitesLocally(TestNG.java:1123)
	at org.testng.TestNG.run(TestNG.java:1031)
	at org.apache.maven.surefire.testng.TestNGExecutor.run(TestNGExecutor.java:283)
	at org.apache.maven.surefire.testng.TestNGXmlTestSuite.execute(TestNGXmlTestSuite.java:75)
	at org.apache.maven.surefire.testng.TestNGProvider.invoke(TestNGProvider.java:120)
	at org.apache.maven.surefire.booter.ForkedBooter.invokeProviderInSameClassLoader(ForkedBooter.java:384)
	at org.apache.maven.surefire.booter.ForkedBooter.runSuitesInProcess(ForkedBooter.java:345)
	at org.apache.maven.surefire.booter.ForkedBooter.execute(ForkedBooter.java:126)
	at org.apache.maven.surefire.booter.ForkedBooter.main(ForkedBooter.java:418)
]]>
            </full-stacktrace>
          </exception> <!-- java.lang.AssertionError -->
          <reporter-output>
          </reporter-output>
        </test-method> <!-- TC_04_VerifyDiscountCoupon -->
        <test-method status="PASS" signature="TC_05_VerifyAddMore500Items()[pri:0, instance:com.liveguru.frontend.TestcaseForLiveGuru@21a947fe]" name="TC_05_VerifyAddMore500Items" duration-ms="4597" started-at="2019-12-29T15:28:51Z" finished-at="2019-12-29T15:28:55Z">
          <reporter-output>
          </reporter-output>
        </test-method> <!-- TC_05_VerifyAddMore500Items -->
        <test-method status="PASS" signature="TC_06_VerifyCompareProduct()[pri:0, instance:com.liveguru.frontend.TestcaseForLiveGuru@21a947fe]" name="TC_06_VerifyCompareProduct" duration-ms="10920" started-at="2019-12-29T15:28:55Z" finished-at="2019-12-29T15:29:06Z">
          <reporter-output>
          </reporter-output>
        </test-method> <!-- TC_06_VerifyCompareProduct -->
        <test-method status="PASS" signature="TC_07_VerifyShareWishlist()[pri:0, instance:com.liveguru.frontend.TestcaseForLiveGuru@21a947fe]" name="TC_07_VerifyShareWishlist" duration-ms="5598" started-at="2019-12-29T15:29:06Z" finished-at="2019-12-29T15:29:12Z">
          <reporter-output>
          </reporter-output>
        </test-method> <!-- TC_07_VerifyShareWishlist -->
        <test-method status="PASS" signature="TC_08_VerifyAddReview()[pri:0, instance:com.liveguru.frontend.TestcaseForLiveGuru@21a947fe]" name="TC_08_VerifyAddReview" duration-ms="8628" started-at="2019-12-29T15:29:12Z" finished-at="2019-12-29T15:29:21Z">
          <reporter-output>
          </reporter-output>
        </test-method> <!-- TC_08_VerifyAddReview -->
        <test-method status="FAIL" signature="TC_10_VerifySearch()[pri:0, instance:com.liveguru.frontend.TestcaseForLiveGuru@21a947fe]" name="TC_10_VerifySearch" duration-ms="34761" started-at="2019-12-29T15:29:21Z" finished-at="2019-12-29T15:29:55Z">
          <exception class="org.openqa.selenium.TimeoutException">
            <message>
              <![CDATA[Timed out after 30 seconds waiting for visibility of element located by By.xpath: //ul[@class='products-grid products-grid--max-4-col first last odd']//li[@class='item last']/div[@class='product-info']
Build info: version: '2.53.1', revision: 'a36b8b1cd5757287168e54b817830adce9b0158d', time: '2016-06-30 19:26:09'
System info: host: 'DESKTOP-46N5C2F', ip: '192.168.1.13', os.name: 'Windows 10', os.arch: 'amd64', os.version: '10.0', java.version: '1.8.0_211'
Driver info: org.openqa.selenium.firefox.FirefoxDriver
Capabilities [{applicationCacheEnabled=true, rotatable=false, handlesAlerts=true, databaseEnabled=true, version=47.0.2, platform=WINDOWS, nativeEvents=false, acceptSslCerts=true, webStorageEnabled=true, locationContextEnabled=true, browserName=firefox, takesScreenshot=true, javascriptEnabled=true, cssSelectorsEnabled=true}]
Session ID: d32dd0a2-ba09-42d2-9e91-3a1c4ad09134]]>
            </message>
            <full-stacktrace>
              <![CDATA[org.openqa.selenium.TimeoutException: Timed out after 30 seconds waiting for visibility of element located by By.xpath: //ul[@class='products-grid products-grid--max-4-col first last odd']//li[@class='item last']/div[@class='product-info']
Build info: version: '2.53.1', revision: 'a36b8b1cd5757287168e54b817830adce9b0158d', time: '2016-06-30 19:26:09'
System info: host: 'DESKTOP-46N5C2F', ip: '192.168.1.13', os.name: 'Windows 10', os.arch: 'amd64', os.version: '10.0', java.version: '1.8.0_211'
Driver info: org.openqa.selenium.firefox.FirefoxDriver
Capabilities [{applicationCacheEnabled=true, rotatable=false, handlesAlerts=true, databaseEnabled=true, version=47.0.2, platform=WINDOWS, nativeEvents=false, acceptSslCerts=true, webStorageEnabled=true, locationContextEnabled=true, browserName=firefox, takesScreenshot=true, javascriptEnabled=true, cssSelectorsEnabled=true}]
Session ID: d32dd0a2-ba09-42d2-9e91-3a1c4ad09134
	at org.openqa.selenium.support.ui.WebDriverWait.timeoutException(WebDriverWait.java:80)
	at org.openqa.selenium.support.ui.FluentWait.until(FluentWait.java:261)
	at commons.AbstractPages.waitToElementVisible(AbstractPages.java:336)
	at liveGuruPageObjects.SearchPageObject.verifySearch(SearchPageObject.java:18)
	at com.liveguru.frontend.TestcaseForLiveGuru.TC_10_VerifySearch(TestcaseForLiveGuru.java:237)
	at sun.reflect.NativeMethodAccessorImpl.invoke0(Native Method)
	at sun.reflect.NativeMethodAccessorImpl.invoke(NativeMethodAccessorImpl.java:62)
	at sun.reflect.DelegatingMethodAccessorImpl.invoke(DelegatingMethodAccessorImpl.java:43)
	at java.lang.reflect.Method.invoke(Method.java:498)
	at org.testng.internal.MethodInvocationHelper.invokeMethod(MethodInvocationHelper.java:80)
	at org.testng.internal.Invoker.invokeMethod(Invoker.java:714)
	at org.testng.internal.Invoker.invokeTestMethod(Invoker.java:901)
	at org.testng.internal.Invoker.invokeTestMethods(Invoker.java:1231)
	at org.testng.internal.TestMethodWorker.invokeTestMethods(TestMethodWorker.java:127)
	at org.testng.internal.TestMethodWorker.run(TestMethodWorker.java:111)
	at org.testng.TestRunner.privateRun(TestRunner.java:767)
	at org.testng.TestRunner.run(TestRunner.java:617)
	at org.testng.SuiteRunner.runTest(SuiteRunner.java:334)
	at org.testng.SuiteRunner.runSequentially(SuiteRunner.java:329)
	at org.testng.SuiteRunner.privateRun(SuiteRunner.java:291)
	at org.testng.SuiteRunner.run(SuiteRunner.java:240)
	at org.testng.SuiteRunnerWorker.runSuite(SuiteRunnerWorker.java:52)
	at org.testng.SuiteRunnerWorker.run(SuiteRunnerWorker.java:86)
	at org.testng.TestNG.runSuitesSequentially(TestNG.java:1198)
	at org.testng.TestNG.runSuitesLocally(TestNG.java:1123)
	at org.testng.TestNG.run(TestNG.java:1031)
	at org.apache.maven.surefire.testng.TestNGExecutor.run(TestNGExecutor.java:283)
	at org.apache.maven.surefire.testng.TestNGXmlTestSuite.execute(TestNGXmlTestSuite.java:75)
	at org.apache.maven.surefire.testng.TestNGProvider.invoke(TestNGProvider.java:120)
	at org.apache.maven.surefire.booter.ForkedBooter.invokeProviderInSameClassLoader(ForkedBooter.java:384)
	at org.apache.maven.surefire.booter.ForkedBooter.runSuitesInProcess(ForkedBooter.java:345)
	at org.apache.maven.surefire.booter.ForkedBooter.execute(ForkedBooter.java:126)
	at org.apache.maven.surefire.booter.ForkedBooter.main(ForkedBooter.java:418)
Caused by: org.openqa.selenium.NoSuchElementException: Unable to locate element: {"method":"xpath","selector":"//ul[@class='products-grid products-grid--max-4-col first last odd']//li[@class='item last']/div[@class='product-info']"}
Command duration or timeout: 30.08 seconds
For documentation on this error, please visit: http://seleniumhq.org/exceptions/no_such_element.html
Build info: version: '2.53.1', revision: 'a36b8b1cd5757287168e54b817830adce9b0158d', time: '2016-06-30 19:26:09'
System info: host: 'DESKTOP-46N5C2F', ip: '192.168.1.13', os.name: 'Windows 10', os.arch: 'amd64', os.version: '10.0', java.version: '1.8.0_211'
Driver info: org.openqa.selenium.firefox.FirefoxDriver
Capabilities [{applicationCacheEnabled=true, rotatable=false, handlesAlerts=true, databaseEnabled=true, version=47.0.2, platform=WINDOWS, nativeEvents=false, acceptSslCerts=true, webStorageEnabled=true, locationContextEnabled=true, browserName=firefox, takesScreenshot=true, javascriptEnabled=true, cssSelectorsEnabled=true}]
Session ID: d32dd0a2-ba09-42d2-9e91-3a1c4ad09134
*** Element info: {Using=xpath, value=//ul[@class='products-grid products-grid--max-4-col first last odd']//li[@class='item last']/div[@class='product-info']}
	at sun.reflect.NativeConstructorAccessorImpl.newInstance0(Native Method)
	at sun.reflect.NativeConstructorAccessorImpl.newInstance(NativeConstructorAccessorImpl.java:62)
	at sun.reflect.DelegatingConstructorAccessorImpl.newInstance(DelegatingConstructorAccessorImpl.java:45)
	at java.lang.reflect.Constructor.newInstance(Constructor.java:423)
	at org.openqa.selenium.remote.ErrorHandler.createThrowable(ErrorHandler.java:206)
	at org.openqa.selenium.remote.ErrorHandler.throwIfResponseFailed(ErrorHandler.java:158)
	at org.openqa.selenium.remote.RemoteWebDriver.execute(RemoteWebDriver.java:678)
	at org.openqa.selenium.remote.RemoteWebDriver.findElement(RemoteWebDriver.java:363)
	at org.openqa.selenium.remote.RemoteWebDriver.findElementByXPath(RemoteWebDriver.java:500)
	at org.openqa.selenium.By$ByXPath.findElement(By.java:361)
	at org.openqa.selenium.remote.RemoteWebDriver.findElement(RemoteWebDriver.java:355)
	at org.openqa.selenium.support.ui.ExpectedConditions.findElement(ExpectedConditions.java:899)
	at org.openqa.selenium.support.ui.ExpectedConditions.access$000(ExpectedConditions.java:41)
	at org.openqa.selenium.support.ui.ExpectedConditions$7.apply(ExpectedConditions.java:205)
	at org.openqa.selenium.support.ui.ExpectedConditions$7.apply(ExpectedConditions.java:201)
	at org.openqa.selenium.support.ui.FluentWait.until(FluentWait.java:238)
	... 31 more
Caused by: org.openqa.selenium.NoSuchElementException: Unable to locate element: {"method":"xpath","selector":"//ul[@class='products-grid products-grid--max-4-col first last odd']//li[@class='item last']/div[@class='product-info']"}
For documentation on this error, please visit: http://seleniumhq.org/exceptions/no_such_element.html
Build info: version: '2.53.1', revision: 'a36b8b1cd5757287168e54b817830adce9b0158d', time: '2016-06-30 19:26:09'
System info: host: 'DESKTOP-46N5C2F', ip: '192.168.1.13', os.name: 'Windows 10', os.arch: 'amd64', os.version: '10.0', java.version: '1.8.0_211'
Driver info: driver.version: unknown
	at <anonymous class>.FirefoxDriver.prototype.findElementInternal_(file:///C:/Users/PC/AppData/Local/Temp/anonymous6807161829143723077webdriver-profile/extensions/fxdriver@googlecode.com/components/driver-component.js:10770)
	at <anonymous class>.fxdriver.Timer.prototype.setTimeout/<.notify(file:///C:/Users/PC/AppData/Local/Temp/anonymous6807161829143723077webdriver-profile/extensions/fxdriver@googlecode.com/components/driver-component.js:625)
]]>
            </full-stacktrace>
          </exception> <!-- org.openqa.selenium.TimeoutException -->
          <reporter-output>
          </reporter-output>
        </test-method> <!-- TC_10_VerifySearch -->
        <test-method status="PASS" signature="afterClass()[pri:0, instance:com.liveguru.frontend.TestcaseForLiveGuru@21a947fe]" name="afterClass" is-config="true" duration-ms="717" started-at="2019-12-29T15:29:55Z" finished-at="2019-12-29T15:29:56Z">
          <reporter-output>
          </reporter-output>
        </test-method> <!-- afterClass -->
      </class> <!-- com.liveguru.frontend.TestcaseForLiveGuru -->
    </test> <!-- Run on FireFox browser -->
  </suite> <!-- Live Guru 99 -->
</testng-results>
